[2021-04-23 11:26:25,650] {taskinstance.py:851} INFO - Dependencies all met for <TaskInstance: docker_sample.docker_op_tester 2021-04-21T00:00:00+00:00 [queued]>
[2021-04-23 11:26:25,693] {taskinstance.py:851} INFO - Dependencies all met for <TaskInstance: docker_sample.docker_op_tester 2021-04-21T00:00:00+00:00 [queued]>
[2021-04-23 11:26:25,694] {taskinstance.py:1042} INFO - 
--------------------------------------------------------------------------------
[2021-04-23 11:26:25,695] {taskinstance.py:1043} INFO - Starting attempt 1 of 2
[2021-04-23 11:26:25,696] {taskinstance.py:1044} INFO - 
--------------------------------------------------------------------------------
[2021-04-23 11:26:25,725] {taskinstance.py:1063} INFO - Executing <Task(DockerOperator): docker_op_tester> on 2021-04-21T00:00:00+00:00
[2021-04-23 11:26:25,752] {standard_task_runner.py:52} INFO - Started process 120 to run task
[2021-04-23 11:26:25,770] {standard_task_runner.py:76} INFO - Running: ['airflow', 'tasks', 'run', 'docker_sample', 'docker_op_tester', '2021-04-21T00:00:00+00:00', '--job-id', '760', '--pool', 'default_pool', '--raw', '--subdir', 'DAGS_FOLDER/dockerOperator.py', '--cfg-path', '/tmp/tmpon9_j6hq', '--error-file', '/tmp/tmp4g8n7e0f']
[2021-04-23 11:26:25,771] {standard_task_runner.py:77} INFO - Job 760: Subtask docker_op_tester
[2021-04-23 11:26:25,855] {logging_mixin.py:104} INFO - Running <TaskInstance: docker_sample.docker_op_tester 2021-04-21T00:00:00+00:00 [running]> on host 5af2b1cab26e
[2021-04-23 11:26:25,969] {taskinstance.py:1257} INFO - Exporting the following env vars:
AIRFLOW_CTX_DAG_EMAIL=airflow@example.com
AIRFLOW_CTX_DAG_OWNER=airflow
AIRFLOW_CTX_DAG_ID=docker_sample
AIRFLOW_CTX_TASK_ID=docker_op_tester
AIRFLOW_CTX_EXECUTION_DATE=2021-04-21T00:00:00+00:00
AIRFLOW_CTX_DAG_RUN_ID=scheduled__2021-04-21T00:00:00+00:00
[2021-04-23 11:26:57,643] {taskinstance.py:1455} ERROR - HTTPConnectionPool(host='192.168.60.11', port=2375): Max retries exceeded with url: /v1.41/images/json?filter=centos%3Alatest&only_ids=0&all=0 (Caused by NewConnectionError('<urllib3.connection.HTTPConnection object at 0x7feab8b25b38>: Failed to establish a new connection: [Errno 110] Connection timed out',))
Traceback (most recent call last):
  File "/home/airflow/.local/lib/python3.6/site-packages/urllib3/connection.py", line 160, in _new_conn
    (self._dns_host, self.port), self.timeout, **extra_kw
  File "/home/airflow/.local/lib/python3.6/site-packages/urllib3/util/connection.py", line 84, in create_connection
    raise err
  File "/home/airflow/.local/lib/python3.6/site-packages/urllib3/util/connection.py", line 74, in create_connection
    sock.connect(sa)
TimeoutError: [Errno 110] Connection timed out

During handling of the above exception, another exception occurred:

Traceback (most recent call last):
  File "/home/airflow/.local/lib/python3.6/site-packages/urllib3/connectionpool.py", line 677, in urlopen
    chunked=chunked,
  File "/home/airflow/.local/lib/python3.6/site-packages/urllib3/connectionpool.py", line 392, in _make_request
    conn.request(method, url, **httplib_request_kw)
  File "/usr/local/lib/python3.6/http/client.py", line 1287, in request
    self._send_request(method, url, body, headers, encode_chunked)
  File "/usr/local/lib/python3.6/http/client.py", line 1333, in _send_request
    self.endheaders(body, encode_chunked=encode_chunked)
  File "/usr/local/lib/python3.6/http/client.py", line 1282, in endheaders
    self._send_output(message_body, encode_chunked=encode_chunked)
  File "/usr/local/lib/python3.6/http/client.py", line 1042, in _send_output
    self.send(msg)
  File "/usr/local/lib/python3.6/http/client.py", line 980, in send
    self.connect()
  File "/home/airflow/.local/lib/python3.6/site-packages/urllib3/connection.py", line 187, in connect
    conn = self._new_conn()
  File "/home/airflow/.local/lib/python3.6/site-packages/urllib3/connection.py", line 172, in _new_conn
    self, "Failed to establish a new connection: %s" % e
urllib3.exceptions.NewConnectionError: <urllib3.connection.HTTPConnection object at 0x7feab8b25b38>: Failed to establish a new connection: [Errno 110] Connection timed out

During handling of the above exception, another exception occurred:

Traceback (most recent call last):
  File "/home/airflow/.local/lib/python3.6/site-packages/requests/adapters.py", line 449, in send
    timeout=timeout
  File "/home/airflow/.local/lib/python3.6/site-packages/urllib3/connectionpool.py", line 727, in urlopen
    method, url, error=e, _pool=self, _stacktrace=sys.exc_info()[2]
  File "/home/airflow/.local/lib/python3.6/site-packages/urllib3/util/retry.py", line 446, in increment
    raise MaxRetryError(_pool, url, error or ResponseError(cause))
urllib3.exceptions.MaxRetryError: HTTPConnectionPool(host='192.168.60.11', port=2375): Max retries exceeded with url: /v1.41/images/json?filter=centos%3Alatest&only_ids=0&all=0 (Caused by NewConnectionError('<urllib3.connection.HTTPConnection object at 0x7feab8b25b38>: Failed to establish a new connection: [Errno 110] Connection timed out',))

During handling of the above exception, another exception occurred:

Traceback (most recent call last):
  File "/home/airflow/.local/lib/python3.6/site-packages/airflow/models/taskinstance.py", line 1112, in _run_raw_task
    self._prepare_and_execute_task_with_callbacks(context, task)
  File "/home/airflow/.local/lib/python3.6/site-packages/airflow/models/taskinstance.py", line 1285, in _prepare_and_execute_task_with_callbacks
    result = self._execute_task(context, task_copy)
  File "/home/airflow/.local/lib/python3.6/site-packages/airflow/models/taskinstance.py", line 1315, in _execute_task
    result = task_copy.execute(context=context)
  File "/home/airflow/.local/lib/python3.6/site-packages/airflow/providers/docker/operators/docker.py", line 288, in execute
    if self.force_pull or not self.cli.images(name=self.image):
  File "/home/airflow/.local/lib/python3.6/site-packages/docker/api/image.py", line 89, in images
    res = self._result(self._get(self._url("/images/json"), params=params),
  File "/home/airflow/.local/lib/python3.6/site-packages/docker/utils/decorators.py", line 46, in inner
    return f(self, *args, **kwargs)
  File "/home/airflow/.local/lib/python3.6/site-packages/docker/api/client.py", line 230, in _get
    return self.get(url, **self._set_request_timeout(kwargs))
  File "/home/airflow/.local/lib/python3.6/site-packages/requests/sessions.py", line 555, in get
    return self.request('GET', url, **kwargs)
  File "/home/airflow/.local/lib/python3.6/site-packages/requests/sessions.py", line 542, in request
    resp = self.send(prep, **send_kwargs)
  File "/home/airflow/.local/lib/python3.6/site-packages/requests/sessions.py", line 655, in send
    r = adapter.send(request, **kwargs)
  File "/home/airflow/.local/lib/python3.6/site-packages/requests/adapters.py", line 516, in send
    raise ConnectionError(e, request=request)
requests.exceptions.ConnectionError: HTTPConnectionPool(host='192.168.60.11', port=2375): Max retries exceeded with url: /v1.41/images/json?filter=centos%3Alatest&only_ids=0&all=0 (Caused by NewConnectionError('<urllib3.connection.HTTPConnection object at 0x7feab8b25b38>: Failed to establish a new connection: [Errno 110] Connection timed out',))
[2021-04-23 11:26:57,647] {taskinstance.py:1503} INFO - Marking task as UP_FOR_RETRY. dag_id=docker_sample, task_id=docker_op_tester, execution_date=20210421T000000, start_date=20210423T112625, end_date=20210423T112657
[2021-04-23 11:26:57,674] {local_task_job.py:146} INFO - Task exited with return code 1
