[2021-04-23 12:07:13,158] {taskinstance.py:851} INFO - Dependencies all met for <TaskInstance: example_kubernetes_operator.pod_task_xcom_result 2021-04-23T12:07:12.061591+00:00 [queued]>
[2021-04-23 12:07:13,178] {taskinstance.py:851} INFO - Dependencies all met for <TaskInstance: example_kubernetes_operator.pod_task_xcom_result 2021-04-23T12:07:12.061591+00:00 [queued]>
[2021-04-23 12:07:13,179] {taskinstance.py:1042} INFO - 
--------------------------------------------------------------------------------
[2021-04-23 12:07:13,180] {taskinstance.py:1043} INFO - Starting attempt 1 of 1
[2021-04-23 12:07:13,180] {taskinstance.py:1044} INFO - 
--------------------------------------------------------------------------------
[2021-04-23 12:07:13,189] {taskinstance.py:1063} INFO - Executing <Task(BashOperator): pod_task_xcom_result> on 2021-04-23T12:07:12.061591+00:00
[2021-04-23 12:07:13,194] {standard_task_runner.py:52} INFO - Started process 239 to run task
[2021-04-23 12:07:13,198] {standard_task_runner.py:76} INFO - Running: ['airflow', 'tasks', 'run', 'example_kubernetes_operator', 'pod_task_xcom_result', '2021-04-23T12:07:12.061591+00:00', '--job-id', '807', '--pool', 'default_pool', '--raw', '--subdir', 'DAGS_FOLDER/kubernetesOperator.py', '--cfg-path', '/tmp/tmp4dwneiuy', '--error-file', '/tmp/tmpgsd61nca']
[2021-04-23 12:07:13,200] {standard_task_runner.py:77} INFO - Job 807: Subtask pod_task_xcom_result
[2021-04-23 12:07:13,254] {logging_mixin.py:104} INFO - Running <TaskInstance: example_kubernetes_operator.pod_task_xcom_result 2021-04-23T12:07:12.061591+00:00 [running]> on host 5af2b1cab26e
[2021-04-23 12:07:13,300] {taskinstance.py:1455} ERROR - None has no element 0
Traceback (most recent call last):
  File "/home/airflow/.local/lib/python3.6/site-packages/airflow/models/taskinstance.py", line 1112, in _run_raw_task
    self._prepare_and_execute_task_with_callbacks(context, task)
  File "/home/airflow/.local/lib/python3.6/site-packages/airflow/models/taskinstance.py", line 1249, in _prepare_and_execute_task_with_callbacks
    self.render_templates(context=context)
  File "/home/airflow/.local/lib/python3.6/site-packages/airflow/models/taskinstance.py", line 1750, in render_templates
    self.task.render_template_fields(context)
  File "/home/airflow/.local/lib/python3.6/site-packages/airflow/models/baseoperator.py", line 859, in render_template_fields
    self._do_render_template_fields(self, self.template_fields, context, jinja_env, set())
  File "/home/airflow/.local/lib/python3.6/site-packages/airflow/models/baseoperator.py", line 872, in _do_render_template_fields
    rendered_content = self.render_template(content, context, jinja_env, seen_oids)
  File "/home/airflow/.local/lib/python3.6/site-packages/airflow/models/baseoperator.py", line 909, in render_template
    return jinja_env.from_string(content).render(**context)
  File "/home/airflow/.local/lib/python3.6/site-packages/jinja2/environment.py", line 1090, in render
    self.environment.handle_exception()
  File "/home/airflow/.local/lib/python3.6/site-packages/jinja2/environment.py", line 832, in handle_exception
    reraise(*rewrite_traceback_stack(source=source))
  File "/home/airflow/.local/lib/python3.6/site-packages/jinja2/_compat.py", line 28, in reraise
    raise value.with_traceback(tb)
  File "<template>", line 1, in top-level template code
jinja2.exceptions.UndefinedError: None has no element 0
[2021-04-23 12:07:13,307] {taskinstance.py:1503} INFO - Marking task as FAILED. dag_id=example_kubernetes_operator, task_id=pod_task_xcom_result, execution_date=20210423T120712, start_date=20210423T120713, end_date=20210423T120713
[2021-04-23 12:07:13,336] {local_task_job.py:146} INFO - Task exited with return code 1
